<?xml version="1.0" encoding="UTF-8"?>
<!-- Generated by org.testng.reporters.JUnitReportReporter -->
<testsuite hostname="ZSCHN01LP0032" failures="0" tests="1" name="testScripts.IFrame" time="15.869" errors="0" timestamp="2024-01-31T20:13:17 IST" skipped="0">
  <testcase classname="testScripts.IFrame" name="iFrame" time="15.869"/>
  <system-out/>
</testsuite> <!-- testScripts.IFrame -->
