<?xml version="1.0" encoding="UTF-8"?>
<!-- Generated by org.testng.reporters.JUnitReportReporter -->
<testsuite hostname="ZSCHN01LP0032" failures="0" tests="4" name="testScripts.Demoblaze" time="44.141" errors="0" timestamp="2024-02-05T14:21:17 IST" skipped="0">
  <testcase classname="testScripts.Demoblaze" name="addToCart" time="10.582"/>
  <system-out/>
  <testcase classname="testScripts.Demoblaze" name="displayCart" time="9.882"/>
  <system-out/>
  <testcase classname="testScripts.Demoblaze" name="addToCart" time="11.760"/>
  <system-out/>
  <testcase classname="testScripts.Demoblaze" name="addToCart" time="11.917"/>
  <system-out/>
</testsuite> <!-- testScripts.Demoblaze -->
