<?xml version="1.0" encoding="UTF-8"?>
<!-- Generated by org.testng.reporters.JUnitReportReporter -->
<testsuite hostname="ZSCHN01LP0032" failures="0" tests="3" name="testScripts.GoogleSearchScenarios" time="24.929" errors="0" timestamp="2024-02-01T16:34:25 IST" skipped="1">
  <testcase classname="testScripts.GoogleSearchScenarios" name="javaSearch" time="11.982"/>
  <system-out/>
  <testcase classname="testScripts.GoogleSearchScenarios" name="seleniumSearch" time="12.947"/>
  <system-out/>
  <testcase classname="testScripts.GoogleSearchScenarios" name="cucumberSearch">
    <skipped/>
  </testcase> <!-- cucumberSearch -->
  <system-out/>
</testsuite> <!-- testScripts.GoogleSearchScenarios -->
