<?xml version="1.0" encoding="UTF-8"?>
<!-- Generated by org.testng.reporters.JUnitReportReporter -->
<testsuite hostname="ZSCHN01LP0032" failures="0" tests="3" name="parallelScripts.SampleTwoTest" time="9.811" errors="0" timestamp="2024-02-02T15:55:15 IST" skipped="0">
  <testcase classname="parallelScripts.SampleTwoTest" name="testFour4" time="2.968"/>
  <system-out/>
  <testcase classname="parallelScripts.SampleTwoTest" name="testTwo2" time="3.604"/>
  <system-out/>
  <testcase classname="parallelScripts.SampleTwoTest" name="testThree3" time="3.239"/>
  <system-out/>
</testsuite> <!-- parallelScripts.SampleTwoTest -->
