<?xml version="1.0" encoding="UTF-8"?>
<!-- Generated by org.testng.reporters.JUnitReportReporter -->
<testsuite hostname="ZSCHN01LP0032" failures="0" tests="4" name="parallelScripts.SampleOneTest" time="9.302" errors="0" timestamp="2024-02-02T15:55:15 IST" skipped="0">
  <testcase classname="parallelScripts.SampleOneTest" name="testTwo" time="2.408"/>
  <system-out/>
  <testcase classname="parallelScripts.SampleOneTest" name="testFour" time="2.776"/>
  <system-out/>
  <testcase classname="parallelScripts.SampleOneTest" name="testThree" time="2.255"/>
  <system-out/>
  <testcase classname="parallelScripts.SampleOneTest" name="testOne" time="1.863"/>
  <system-out/>
</testsuite> <!-- parallelScripts.SampleOneTest -->
