<?xml version="1.0" encoding="UTF-8"?>
<!-- Generated by org.testng.reporters.JUnitReportReporter -->
<testsuite hostname="ZSCHN01LP0032" failures="0" tests="1" name="testScripts.HideImage" time="5.659" errors="0" timestamp="2024-02-01T10:32:37 IST" skipped="0">
  <testcase classname="testScripts.HideImage" name="hideImage" time="5.659"/>
  <system-out/>
</testsuite> <!-- testScripts.HideImage -->
