<?xml version="1.0" encoding="UTF-8"?>
<!-- Generated by org.testng.reporters.JUnitReportReporter -->
<testsuite hostname="ZSCHN01LP0032" failures="0" tests="2" name="groupScripts.GroupScript2" time="0.002" errors="0" timestamp="2024-02-01T17:51:19 IST" skipped="0">
  <testcase classname="groupScripts.GroupScript2" name="testOne" time="0.001"/>
  <system-out/>
  <testcase classname="groupScripts.GroupScript2" name="testTwo" time="0.001"/>
  <system-out/>
</testsuite> <!-- groupScripts.GroupScript2 -->
