<?xml version="1.0" encoding="UTF-8"?>
<!-- Generated by org.testng.reporters.JUnitReportReporter -->
<testsuite hostname="ZSCHN01LP0032" failures="0" tests="3" name="parallelScripts.SampleThreeTest" time="8.760" errors="0" timestamp="2024-02-02T15:55:14 IST" skipped="0">
  <testcase classname="parallelScripts.SampleThreeTest" name="testThree33" time="3.679"/>
  <system-out/>
  <testcase classname="parallelScripts.SampleThreeTest" name="testTwo22" time="2.819"/>
  <system-out/>
  <testcase classname="parallelScripts.SampleThreeTest" name="testFour4" time="2.262"/>
  <system-out/>
</testsuite> <!-- parallelScripts.SampleThreeTest -->
