<?xml version="1.0" encoding="UTF-8"?>
<!-- Generated by org.testng.reporters.JUnitReportReporter -->
<testsuite hostname="ZSCHN01LP0032" failures="0" tests="1" name="testScripts.AutoComplete" time="6.632" errors="0" timestamp="2024-02-01T09:57:58 IST" skipped="0">
  <testcase classname="testScripts.AutoComplete" name="autoComplete" time="6.632"/>
  <system-out/>
</testsuite> <!-- testScripts.AutoComplete -->
