<?xml version="1.0" encoding="UTF-8"?>
<!-- Generated by org.testng.reporters.JUnitReportReporter -->
<testsuite hostname="ZSCHN01LP0032" failures="0" tests="1" name="testScripts.LambdaTest" time="9.056" errors="0" timestamp="2024-01-31T22:53:04 IST" skipped="0">
  <testcase classname="testScripts.LambdaTest" name="playright" time="9.056"/>
  <system-out/>
</testsuite> <!-- testScripts.LambdaTest -->
