<?xml version="1.0" encoding="UTF-8"?>
<!-- Generated by org.testng.reporters.JUnitReportReporter -->
<testsuite hostname="ZSCHN01LP0032" failures="0" tests="1" name="testScripts.Downloads" time="14.046" errors="0" timestamp="2024-02-01T10:11:00 IST" skipped="0">
  <testcase classname="testScripts.Downloads" name="downloadfile" time="14.046"/>
  <system-out/>
</testsuite> <!-- testScripts.Downloads -->
