<?xml version="1.0" encoding="UTF-8"?>
<!-- Generated by org.testng.reporters.JUnitReportReporter -->
<testsuite hostname="ZSCHN01LP0032" failures="0" tests="1" name="testScripts.SeleniumSearchDemo" time="6.403" errors="0" timestamp="2024-01-31T09:35:04 IST" skipped="0">
  <testcase classname="testScripts.SeleniumSearchDemo" name="search" time="6.403"/>
  <system-out/>
</testsuite> <!-- testScripts.SeleniumSearchDemo -->
