<?xml version="1.0" encoding="UTF-8"?>
<!-- Generated by org.testng.reporters.JUnitReportReporter -->
<testsuite hostname="ZSCHN01LP0032" failures="0" tests="6" name="testScripts.DemoblazeLoginTest" time="47.843" errors="0" timestamp="2024-02-07T17:17:42 IST" skipped="0">
  <testcase classname="testScripts.DemoblazeLoginTest" name="incorrectUserName" time="7.651"/>
  <system-out/>
  <testcase classname="testScripts.DemoblazeLoginTest" name="incorrectPassword" time="8.089"/>
  <system-out/>
  <testcase classname="testScripts.DemoblazeLoginTest" name="incrtUsr_incrtpass" time="6.933"/>
  <system-out/>
  <testcase classname="testScripts.DemoblazeLoginTest" name="blankPassword" time="6.485"/>
  <system-out/>
  <testcase classname="testScripts.DemoblazeLoginTest" name="blankUsername" time="6.851"/>
  <system-out/>
  <testcase classname="testScripts.DemoblazeLoginTest" name="blankUsrname_blankpwdTest" time="11.834"/>
  <system-out/>
</testsuite> <!-- testScripts.DemoblazeLoginTest -->
