<?xml version="1.0" encoding="UTF-8"?>
<!-- Generated by org.testng.reporters.JUnitReportReporter -->
<testsuite hostname="ZSCHN01LP0032" failures="0" tests="1" name="testScripts.WebTableTest" time="5.072" errors="0" timestamp="2024-01-30T16:33:38 IST" skipped="0">
  <testcase classname="testScripts.WebTableTest" name="searchEmpDetails" time="5.072"/>
  <system-out/>
</testsuite> <!-- testScripts.WebTableTest -->
