<?xml version="1.0" encoding="UTF-8"?>
<!-- Generated by org.testng.reporters.JUnitReportReporter -->
<testsuite hostname="ZSCHN01LP0032" failures="0" tests="1" name="testScripts.Alertmsg" time="5.530" errors="0" timestamp="2024-01-31T15:03:08 IST" skipped="0">
  <testcase classname="testScripts.Alertmsg" name="sampleAlert" time="5.530"/>
  <system-out/>
</testsuite> <!-- testScripts.Alertmsg -->
