<?xml version="1.0" encoding="UTF-8"?>
<!-- Generated by org.testng.reporters.JUnitReportReporter -->
<testsuite hostname="ZSCHN01LP0032" failures="0" tests="1" name="testScripts.LoadTimeout" time="11.845" errors="0" timestamp="2024-02-01T13:19:28 IST" skipped="0">
  <testcase classname="testScripts.LoadTimeout" name="loadTime" time="11.845"/>
  <system-out/>
</testsuite> <!-- testScripts.LoadTimeout -->
