<?xml version="1.0" encoding="UTF-8"?>
<!-- Generated by org.testng.reporters.JUnitReportReporter -->
<testsuite hostname="ZSCHN01LP0032" failures="0" tests="3" name="testScripts.Demoblaze1" time="22.959" errors="0" timestamp="2024-02-05T15:46:56 IST" skipped="0">
  <testcase classname="testScripts.Demoblaze1" name="addItem" time="8.296"/>
  <system-out/>
  <testcase classname="testScripts.Demoblaze1" name="addItem" time="7.117"/>
  <system-out/>
  <testcase classname="testScripts.Demoblaze1" name="addItem" time="7.546"/>
  <system-out/>
</testsuite> <!-- testScripts.Demoblaze1 -->
