<?xml version="1.0" encoding="UTF-8"?>
<!-- Generated by org.testng.reporters.JUnitReportReporter -->
<testsuite hostname="ZSCHN01LP0032" failures="0" tests="1" name="testScripts.GoogleSearchTest" time="10.585" errors="0" timestamp="2024-01-31T22:13:14 IST" skipped="0">
  <testcase classname="testScripts.GoogleSearchTest" name="searchJavaTest" time="10.585"/>
  <system-out/>
</testsuite> <!-- testScripts.GoogleSearchTest -->
