<?xml version="1.0" encoding="UTF-8"?>
<!-- Generated by org.testng.reporters.JUnitReportReporter -->
<testsuite hostname="ZSCHN01LP0032" failures="0" tests="1" name="testScripts.WindowsHandle" time="10.890" errors="0" timestamp="2024-01-31T16:02:35 IST" skipped="0">
  <testcase classname="testScripts.WindowsHandle" name="windowHand" time="10.890"/>
  <system-out/>
</testsuite> <!-- testScripts.WindowsHandle -->
