<?xml version="1.0" encoding="UTF-8"?>
<!-- Generated by org.testng.reporters.JUnitReportReporter -->
<testsuite hostname="ZSCHN01LP0032" failures="0" tests="1" name="testScripts.MouseClick" time="6.399" errors="0" timestamp="2024-01-31T12:51:51 IST" skipped="0">
  <testcase classname="testScripts.MouseClick" name="actionsTest" time="6.399"/>
  <system-out/>
</testsuite> <!-- testScripts.MouseClick -->
