<?xml version="1.0" encoding="UTF-8"?>
<!-- Generated by org.testng.reporters.JUnitReportReporter -->
<testsuite hostname="ZSCHN01LP0032" failures="0" tests="1" name="testScripts.GropsDemo" time="0.011" errors="0" timestamp="2024-02-10T13:52:50 IST" skipped="0">
  <testcase classname="testScripts.GropsDemo" name="addToCart" time="0.011"/>
  <system-out/>
</testsuite> <!-- testScripts.GropsDemo -->
