<?xml version="1.0" encoding="UTF-8"?>
<!-- Generated by org.testng.reporters.JUnitReportReporter -->
<testsuite hostname="ZSCHN01LP0032" failures="0" tests="1" name="testScripts.FileUpload" time="5.637" errors="0" timestamp="2024-01-31T18:08:36 IST" skipped="0">
  <testcase classname="testScripts.FileUpload" name="file" time="5.637"/>
  <system-out/>
</testsuite> <!-- testScripts.FileUpload -->
