<?xml version="1.0" encoding="UTF-8"?>
<!-- Generated by org.testng.reporters.JUnitReportReporter -->
<testsuite hostname="ZSCHN01LP0032" failures="0" tests="1" name="testScripts.CheckBox" time="21.356" errors="0" timestamp="2024-02-02T09:14:11 IST" skipped="0">
  <testcase classname="testScripts.CheckBox" name="checkRadioButton" time="21.356"/>
  <system-out/>
</testsuite> <!-- testScripts.CheckBox -->
