<?xml version="1.0" encoding="UTF-8"?>
<!-- Generated by org.testng.reporters.JUnitReportReporter -->
<testsuite hostname="ZSCHN01LP0032" failures="0" tests="1" name="testScripts.ExplictWait" time="22.034" errors="0" timestamp="2024-02-01T12:58:33 IST" skipped="0">
  <testcase classname="testScripts.ExplictWait" name="explicitWait" time="22.034"/>
  <system-out/>
</testsuite> <!-- testScripts.ExplictWait -->
