<?xml version="1.0" encoding="UTF-8"?>
<!-- Generated by org.testng.reporters.JUnitReportReporter -->
<testsuite hostname="ZSCHN01LP0032" failures="0" tests="1" name="testScripts.JQuery" time="15.276" errors="0" timestamp="2024-02-03T12:51:43 IST" skipped="0">
  <testcase classname="testScripts.JQuery" name="jQuery" time="15.276"/>
  <system-out/>
</testsuite> <!-- testScripts.JQuery -->
