<?xml version="1.0" encoding="UTF-8"?>
<!-- Generated by org.testng.reporters.JUnitReportReporter -->
<testsuite hostname="ZSCHN01LP0032" failures="0" tests="1" name="testScripts.HomeWorkDB" time="0.007" errors="0" timestamp="2024-02-10T16:26:03 IST" skipped="0">
  <testcase classname="testScripts.HomeWorkDB" name="test" time="0.007"/>
  <system-out/>
</testsuite> <!-- testScripts.HomeWorkDB -->
