<?xml version="1.0" encoding="UTF-8"?>
<!-- Generated by org.testng.reporters.JUnitReportReporter -->
<testsuite hostname="ZSCHN01LP0032" failures="0" tests="1" name="testScripts.TakeScreenShots" time="7.389" errors="0" timestamp="2024-01-31T14:14:19 IST" skipped="0">
  <testcase classname="testScripts.TakeScreenShots" name="screenShots" time="7.389"/>
  <system-out/>
</testsuite> <!-- testScripts.TakeScreenShots -->
